<?xml version="1.0" encoding="UTF-8"?>
<!-- Generated by org.testng.reporters.JUnitReportReporter -->
<testsuite hostname="S-MIS-NHANTT.local" failures="0" tests="2" name="loginTest.LoginTest" time="4.173" errors="0" timestamp="2021-04-18T12:46:20 ICT" skipped="0">
  <testcase classname="loginTest.LoginTest" name="loginSuccess" time="3.595"/>
  <system-out/>
  <testcase classname="loginTest.LoginTest" name="loginBlankField" time="0.578"/>
  <system-out/>
</testsuite> <!-- loginTest.LoginTest -->
